<?xml version="1.0" encoding="UTF-8"?>
<testng-results ignored="0" total="1" passed="1" failed="0" skipped="0">
  <reporter-output>
  </reporter-output>
  <suite started-at="2023-11-06T21:49:47 IST" name="Default suite" finished-at="2023-11-06T21:49:47 IST" duration-ms="163">
    <groups>
    </groups>
    <test started-at="2023-11-06T21:49:47 IST" name="Default test" finished-at="2023-11-06T21:49:47 IST" duration-ms="163">
      <class name="proj.newpage">
        <test-method signature="page()[pri:0, instance:proj.newpage@242b836]" started-at="2023-11-06T21:49:47 IST" name="page" finished-at="2023-11-06T21:49:47 IST" duration-ms="36" status="PASS">
          <reporter-output>
          </reporter-output>
        </test-method> <!-- page -->
      </class> <!-- proj.newpage -->
    </test> <!-- Default test -->
  </suite> <!-- Default suite -->
</testng-results>
